<?xml version="1.0" encoding="UTF-8"?>
<!-- Generated by org.testng.reporters.JUnitXMLReporter -->
<testsuite ignored="0" hostname="carlos" failures="0" tests="8" name="Default test" time="15.85" errors="0" timestamp="2022-11-16T16:26:58 CST">
  <testcase classname="proyecto_junit.TestPizzeriaEjercicio2" name="verificarClienteConTarjeta" time="0.008"/>
  <testcase classname="proyecto_junit.TestPizzeriaEjercicio2" name="verificarClienteSinTarjeta" time="0.002"/>
  <testcase classname="proyecto_junit.TestPizzeriaEjercicio2" name="verificarGuardarCupon" time="10.918"/>
  <testcase classname="proyecto_junit.TestPizzeriaEjercicio2" name="verificarNoGuardarCupon" time="4.835"/>
  <testcase classname="proyecto_junit.TestPizzeriaEjercicio2" name="verificarSaldoEntre100Y150" time="0.003"/>
  <testcase classname="proyecto_junit.TestPizzeriaEjercicio2" name="verificarSaldoEntre50Y100" time="0.002"/>
  <testcase classname="proyecto_junit.TestPizzeriaEjercicio2" name="verificarSaldoMayorA150" time="0.003"/>
  <testcase classname="proyecto_junit.TestPizzeriaEjercicio2" name="verificarSaldoMenorA50" time="0.001"/>
</testsuite> <!-- Default test -->
